<?xml version="1.0" encoding="UTF-8"?>
<!-- Generated by org.testng.reporters.JUnitReportReporter -->
<testsuite hostname="DESKTOP-BN58AHQ" failures="0" tests="4" name="CH16_TestNG.day3" time="0.015" errors="0" timestamp="2025-09-16T22:43:16 GMT+06:00" skipped="1">
  <testcase classname="CH16_TestNG.day3" name="mobileSignOutLoan" time="0.011"/>
  <system-out/>
  <testcase classname="CH16_TestNG.day3" name="WebLogInCarLoan" time="0.002"/>
  <system-out/>
  <testcase classname="CH16_TestNG.day3" name="mobileLogInCarLoan" time="0.002"/>
  <system-out/>
  <testcase classname="CH16_TestNG.day3" name="mobileSingInCarLoan">
    <skipped/>
  </testcase> <!-- mobileSingInCarLoan -->
  <system-out/>
</testsuite> <!-- CH16_TestNG.day3 -->
