<?xml version="1.0" encoding="UTF-8"?>
<!-- Generated by org.testng.reporters.JUnitReportReporter -->
<testsuite hostname="DESKTOP-BN58AHQ" failures="0" tests="1" name="CH16_TestNG.day2" time="0.002" errors="0" timestamp="2025-09-15T22:28:02 GMT+06:00" skipped="0">
  <testcase classname="CH16_TestNG.day2" name="Demo" time="0.002"/>
  <system-out/>
</testsuite> <!-- CH16_TestNG.day2 -->
