<?xml version="1.0" encoding="UTF-8"?>
<!-- Generated by org.testng.reporters.JUnitReportReporter -->
<testsuite hostname="DESKTOP-BN58AHQ" failures="0" tests="1" name="CH_14_Java_Streams.BasicStreams" time="0.018" errors="0" timestamp="2025-11-01T23:23:17 GMT+06:00" skipped="0">
  <testcase classname="CH_14_Java_Streams.BasicStreams" name="streamCollect" time="0.018"/>
</testsuite> <!-- CH_14_Java_Streams.BasicStreams -->
