<?xml version="1.0" encoding="UTF-8"?>
<!-- Generated by org.testng.reporters.JUnitReportReporter -->
<testsuite hostname="DESKTOP-BN58AHQ" failures="0" tests="3" name="CH16_TestNG.day4" time="0.007" errors="0" timestamp="2025-09-15T21:14:12 GMT+06:00" skipped="0">
  <testcase classname="CH16_TestNG.day4" name="LogInHomeLoan" time="0.002"/>
  <system-out/>
  <testcase classname="CH16_TestNG.day4" name="WebLogInHomeLoan" time="0.003"/>
  <system-out/>
  <testcase classname="CH16_TestNG.day4" name="mobileLogInHomeLoan" time="0.002"/>
  <system-out/>
</testsuite> <!-- CH16_TestNG.day4 -->
