<?xml version="1.0" encoding="UTF-8"?>
<!-- Generated by org.testng.reporters.JUnitReportReporter -->
<testsuite hostname="DESKTOP-BN58AHQ" failures="0" tests="5" name="CH16_TestNG.day3" time="0.016" errors="0" timestamp="2025-09-15T19:52:26 GMT+06:00" skipped="0">
  <testcase classname="CH16_TestNG.day3" name="mobileLogInCarLoan" time="0.006"/>
  <system-out/>
  <testcase classname="CH16_TestNG.day3" name="mobileSingInCarLoan" time="0.002"/>
  <system-out/>
  <testcase classname="CH16_TestNG.day3" name="LogInCarLoan" time="0.001"/>
  <system-out/>
  <testcase classname="CH16_TestNG.day3" name="WebLogInCarLoan" time="0.004"/>
  <system-out/>
  <testcase classname="CH16_TestNG.day3" name="mobileSignOutLoan" time="0.003"/>
  <system-out/>
</testsuite> <!-- CH16_TestNG.day3 -->
