<?xml version="1.0" encoding="UTF-8"?>
<!-- Generated by org.testng.reporters.JUnitReportReporter -->
<testsuite hostname="DESKTOP-BN58AHQ" failures="0" tests="1" name="CH16_TestNG.runTestCaseWithoutJavaCompiler" time="0.022" errors="0" timestamp="2025-09-15T16:47:33 GMT+06:00" skipped="0">
  <testcase classname="CH16_TestNG.runTestCaseWithoutJavaCompiler" name="Demo" time="0.022"/>
  <system-out/>
</testsuite> <!-- CH16_TestNG.runTestCaseWithoutJavaCompiler -->
