<?xml version="1.0" encoding="UTF-8"?>
<!-- Generated by org.testng.reporters.JUnitReportReporter -->
<testsuite hostname="DESKTOP-BN58AHQ" failures="0" tests="7" name="CH16_TestNG.day3" time="0.030" errors="0" timestamp="2025-09-16T23:27:11 GMT+06:00" skipped="1">
  <testcase classname="CH16_TestNG.day3" name="WebLogInCarLoan" time="0.006"/>
  <system-out/>
  <testcase classname="CH16_TestNG.day3" name="mobileLogInCarLoan" time="0.005"/>
  <system-out/>
  <testcase classname="CH16_TestNG.day3" name="mobileSignOutLoan2" time="0.002"/>
  <system-out/>
  <testcase classname="CH16_TestNG.day3" name="mobileSignOutLoan" time="0.011"/>
  <system-out/>
  <testcase classname="CH16_TestNG.day3" name="mobileSignOutLoan2" time="0.003"/>
  <system-out/>
  <testcase classname="CH16_TestNG.day3" name="mobileSignOutLoan2" time="0.003"/>
  <system-out/>
  <testcase classname="CH16_TestNG.day3" name="mobileSingInCarLoan">
    <skipped/>
  </testcase> <!-- mobileSingInCarLoan -->
  <system-out/>
</testsuite> <!-- CH16_TestNG.day3 -->
