<?xml version="1.0" encoding="UTF-8"?>
<!-- Generated by org.testng.reporters.JUnitReportReporter -->
<testsuite hostname="DESKTOP-BN58AHQ" failures="0" tests="7" name="CH16_TestNG.day3" time="0.078" errors="0" timestamp="2025-09-17T00:22:32 GMT+06:00" skipped="1">
  <testcase classname="CH16_TestNG.day3" name="mobileLogInCarLoan" time="0.012"/>
  <system-out/>
  <testcase classname="CH16_TestNG.day3" name="mobileSignOutLoan2" time="0.007"/>
  <system-out/>
  <testcase classname="CH16_TestNG.day3" name="mobileSignOutLoan" time="0.016"/>
  <system-out/>
  <testcase classname="CH16_TestNG.day3" name="mobileSignOutLoan2" time="0.010"/>
  <system-out/>
  <testcase classname="CH16_TestNG.day3" name="mobileSignOutLoan2" time="0.004"/>
  <system-out/>
  <testcase classname="CH16_TestNG.day3" name="WebLogInCarLoan" time="0.029"/>
  <system-out/>
  <testcase classname="CH16_TestNG.day3" name="mobileSingInCarLoan">
    <skipped/>
  </testcase> <!-- mobileSingInCarLoan -->
  <system-out/>
</testsuite> <!-- CH16_TestNG.day3 -->
